# JRE version: OpenJDK Runtime Environment (8.0_242-b01) (build 1.8.0_242-release-1644-b01)
# Java VM: OpenJDK 64-Bit Server VM (25.242-b01 mixed mode windows-amd64 compressed oops)
Heap:
 PSYoungGen      total 642560K, used 244265K [0x00000000d5580000, 0x0000000100000000, 0x0000000100000000)
  eden space 589312K, 41% used [0x00000000d5580000,0x00000000e440a4f0,0x00000000f9500000)
  from space 53248K, 0% used [0x00000000fcc00000,0x00000000fcc00000,0x0000000100000000)
  to   space 54784K, 0% used [0x00000000f9500000,0x00000000f9500000,0x00000000fca80000)
 ParOldGen       total 175616K, used 95703K [0x0000000080000000, 0x000000008ab80000, 0x00000000d5580000)
  object space 175616K, 54% used [0x0000000080000000,0x0000000085d75dc0,0x000000008ab80000)
 Metaspace       used 166050K, capacity 174873K, committed 175216K, reserved 1202176K
  class space    used 21793K, capacity 23334K, committed 23456K, reserved 1048576K
GC Heap History (10 events):
Event: 1548.143 GC heap before
{Heap before GC invocations=23 (full 4):
 PSYoungGen      total 568832K, used 549848K [0x00000000d5580000, 0x00000000fb900000, 0x0000000100000000)
  eden space 540160K, 99% used [0x00000000d5580000,0x00000000f6362cc0,0x00000000f6500000)
  from space 28672K, 39% used [0x00000000f9d00000,0x00000000fa813590,0x00000000fb900000)
  to   space 43008K, 0% used [0x00000000f6500000,0x00000000f6500000,0x00000000f8f00000)
 ParOldGen       total 175616K, used 112273K [0x0000000080000000, 0x000000008ab80000, 0x00000000d5580000)
  object space 175616K, 63% used [0x0000000080000000,0x0000000086da4568,0x000000008ab80000)
 Metaspace       used 119047K, capacity 126402K, committed 126616K, reserved 1159168K
  class space    used 15678K, capacity 16960K, committed 17056K, reserved 1048576K
Event: 1548.201 GC heap after
Heap after GC invocations=23 (full 4):
 PSYoungGen      total 583168K, used 40728K [0x00000000d5580000, 0x0000000100000000, 0x0000000100000000)
  eden space 540160K, 0% used [0x00000000d5580000,0x00000000d5580000,0x00000000f6500000)
  from space 43008K, 94% used [0x00000000f6500000,0x00000000f8cc6088,0x00000000f8f00000)
  to   space 49152K, 0% used [0x00000000fd000000,0x00000000fd000000,0x0000000100000000)
 ParOldGen       total 175616K, used 112281K [0x0000000080000000, 0x000000008ab80000, 0x00000000d5580000)
  object space 175616K, 63% used [0x0000000080000000,0x0000000086da6568,0x000000008ab80000)
 Metaspace       used 119047K, capacity 126402K, committed 126616K, reserved 1159168K
  class space    used 15678K, capacity 16960K, committed 17056K, reserved 1048576K
}
Event: 1623.486 GC heap before
{Heap before GC invocations=24 (full 4):
 PSYoungGen      total 583168K, used 580888K [0x00000000d5580000, 0x0000000100000000, 0x0000000100000000)
  eden space 540160K, 100% used [0x00000000d5580000,0x00000000f6500000,0x00000000f6500000)
  from space 43008K, 94% used [0x00000000f6500000,0x00000000f8cc6088,0x00000000f8f00000)
  to   space 49152K, 0% used [0x00000000fd000000,0x00000000fd000000,0x0000000100000000)
 ParOldGen       total 175616K, used 112281K [0x0000000080000000, 0x000000008ab80000, 0x00000000d5580000)
  object space 175616K, 63% used [0x0000000080000000,0x0000000086da6568,0x000000008ab80000)
 Metaspace       used 126225K, capacity 134344K, committed 134424K, reserved 1165312K
  class space    used 16520K, capacity 17913K, committed 17952K, reserved 1048576K
Event: 1623.528 GC heap after
Heap after GC invocations=24 (full 4):
 PSYoungGen      total 628224K, used 18563K [0x00000000d5580000, 0x00000000ff280000, 0x0000000100000000)
  eden space 592896K, 0% used [0x00000000d5580000,0x00000000d5580000,0x00000000f9880000)
  from space 35328K, 52% used [0x00000000fd000000,0x00000000fe220f38,0x00000000ff280000)
  to   space 46080K, 0% used [0x00000000f9880000,0x00000000f9880000,0x00000000fc580000)
 ParOldGen       total 175616K, used 112289K [0x0000000080000000, 0x000000008ab80000, 0x00000000d5580000)
  object space 175616K, 63% used [0x0000000080000000,0x0000000086da8568,0x000000008ab80000)
 Metaspace       used 126225K, capacity 134344K, committed 134424K, reserved 1165312K
  class space    used 16520K, capacity 17913K, committed 17952K, reserved 1048576K
}
Event: 2332.008 GC heap before
{Heap before GC invocations=25 (full 4):
 PSYoungGen      total 628224K, used 611459K [0x00000000d5580000, 0x00000000ff280000, 0x0000000100000000)
  eden space 592896K, 100% used [0x00000000d5580000,0x00000000f9880000,0x00000000f9880000)
  from space 35328K, 52% used [0x00000000fd000000,0x00000000fe220f38,0x00000000ff280000)
  to   space 46080K, 0% used [0x00000000f9880000,0x00000000f9880000,0x00000000fc580000)
 ParOldGen       total 175616K, used 112289K [0x0000000080000000, 0x000000008ab80000, 0x00000000d5580000)
  object space 175616K, 63% used [0x0000000080000000,0x0000000086da8568,0x000000008ab80000)
 Metaspace       used 148603K, capacity 157420K, committed 157720K, reserved 1185792K
  class space    used 19419K, capacity 20951K, committed 21024K, reserved 1048576K
Event: 2332.067 GC heap after
Heap after GC invocations=25 (full 4):
 PSYoungGen      total 638976K, used 45006K [0x00000000d5580000, 0x0000000100000000, 0x0000000100000000)
  eden space 592896K, 0% used [0x00000000d5580000,0x00000000d5580000,0x00000000f9880000)
  from space 46080K, 97% used [0x00000000f9880000,0x00000000fc473908,0x00000000fc580000)
  to   space 53248K, 0% used [0x00000000fcc00000,0x00000000fcc00000,0x0000000100000000)
 ParOldGen       total 175616K, used 112297K [0x0000000080000000, 0x000000008ab80000, 0x00000000d5580000)
  object space 175616K, 63% used [0x0000000080000000,0x0000000086daa568,0x000000008ab80000)
 Metaspace       used 148603K, capacity 157420K, committed 157720K, reserved 1185792K
  class space    used 19419K, capacity 20951K, committed 21024K, reserved 1048576K
}
Event: 2332.913 GC heap before
{Heap before GC invocations=26 (full 4):
 PSYoungGen      total 638976K, used 129987K [0x00000000d5580000, 0x0000000100000000, 0x0000000100000000)
  eden space 592896K, 14% used [0x00000000d5580000,0x00000000da87d4f8,0x00000000f9880000)
  from space 46080K, 97% used [0x00000000f9880000,0x00000000fc473908,0x00000000fc580000)
  to   space 53248K, 0% used [0x00000000fcc00000,0x00000000fcc00000,0x0000000100000000)
 ParOldGen       total 175616K, used 112297K [0x0000000080000000, 0x000000008ab80000, 0x00000000d5580000)
  object space 175616K, 63% used [0x0000000080000000,0x0000000086daa568,0x000000008ab80000)
 Metaspace       used 155209K, capacity 164175K, committed 164336K, reserved 1191936K
  class space    used 20220K, capacity 21792K, committed 21792K, reserved 1048576K
Event: 2332.947 GC heap after
Heap after GC invocations=26 (full 4):
 PSYoungGen      total 642560K, used 34575K [0x00000000d5580000, 0x0000000100000000, 0x0000000100000000)
  eden space 589312K, 0% used [0x00000000d5580000,0x00000000d5580000,0x00000000f9500000)
  from space 53248K, 64% used [0x00000000fcc00000,0x00000000fedc3e08,0x0000000100000000)
  to   space 54784K, 0% used [0x00000000f9500000,0x00000000f9500000,0x00000000fca80000)
 ParOldGen       total 175616K, used 112305K [0x0000000080000000, 0x000000008ab80000, 0x00000000d5580000)
  object space 175616K, 63% used [0x0000000080000000,0x0000000086dac568,0x000000008ab80000)
 Metaspace       used 155209K, capacity 164175K, committed 164336K, reserved 1191936K
  class space    used 20220K, capacity 21792K, committed 21792K, reserved 1048576K
}
Event: 2332.947 GC heap before
{Heap before GC invocations=27 (full 5):
 PSYoungGen      total 642560K, used 34575K [0x00000000d5580000, 0x0000000100000000, 0x0000000100000000)
  eden space 589312K, 0% used [0x00000000d5580000,0x00000000d5580000,0x00000000f9500000)
  from space 53248K, 64% used [0x00000000fcc00000,0x00000000fedc3e08,0x0000000100000000)
  to   space 54784K, 0% used [0x00000000f9500000,0x00000000f9500000,0x00000000fca80000)
 ParOldGen       total 175616K, used 112305K [0x0000000080000000, 0x000000008ab80000, 0x00000000d5580000)
  object space 175616K, 63% used [0x0000000080000000,0x0000000086dac568,0x000000008ab80000)
 Metaspace       used 155209K, capacity 164175K, committed 164336K, reserved 1191936K
  class space    used 20220K, capacity 21792K, committed 21792K, reserved 1048576K
Event: 2333.941 GC heap after
Heap after GC invocations=27 (full 5):
 PSYoungGen      total 642560K, used 0K [0x00000000d5580000, 0x0000000100000000, 0x0000000100000000)
  eden space 589312K, 0% used [0x00000000d5580000,0x00000000d5580000,0x00000000f9500000)
  from space 53248K, 0% used [0x00000000fcc00000,0x00000000fcc00000,0x0000000100000000)
  to   space 54784K, 0% used [0x00000000f9500000,0x00000000f9500000,0x00000000fca80000)
 ParOldGen       total 175616K, used 95703K [0x0000000080000000, 0x000000008ab80000, 0x00000000d5580000)
  object space 175616K, 54% used [0x0000000080000000,0x0000000085d75dc0,0x000000008ab80000)
 Metaspace       used 154579K, capacity 162671K, committed 164336K, reserved 1191936K
  class space    used 20030K, capacity 21438K, committed 21792K, reserved 1048576K
}

