# JRE version: OpenJDK Runtime Environment (8.0_242-b01) (build 1.8.0_242-release-1644-b01)
# Java VM: OpenJDK 64-Bit Server VM (25.242-b01 mixed mode windows-amd64 compressed oops)
Heap:
 PSYoungGen      total 660480K, used 332414K [0x00000000d5580000, 0x0000000100000000, 0x0000000100000000)
  eden space 620544K, 51% used [0x00000000d5580000,0x00000000e8d6cdc8,0x00000000fb380000)
  from space 39936K, 32% used [0x00000000fd900000,0x00000000fe5b2d48,0x0000000100000000)
  to   space 38400K, 0% used [0x00000000fb380000,0x00000000fb380000,0x00000000fd900000)
 ParOldGen       total 140288K, used 68391K [0x0000000080000000, 0x0000000088900000, 0x00000000d5580000)
  object space 140288K, 48% used [0x0000000080000000,0x00000000842c9c70,0x0000000088900000)
 Metaspace       used 109918K, capacity 118602K, committed 118872K, reserved 1153024K
  class space    used 14268K, capacity 15701K, committed 15744K, reserved 1048576K
GC Heap History (10 events):
Event: 961.937 GC heap before
{Heap before GC invocations=18 (full 4):
 PSYoungGen      total 529408K, used 486896K [0x00000000d5580000, 0x0000000100000000, 0x0000000100000000)
  eden space 486912K, 99% used [0x00000000d5580000,0x00000000f30fc048,0x00000000f3100000)
  from space 42496K, 0% used [0x00000000f3100000,0x00000000f3100000,0x00000000f5a80000)
  to   space 41472K, 0% used [0x00000000fd780000,0x00000000fd780000,0x0000000100000000)
 ParOldGen       total 140288K, used 61865K [0x0000000080000000, 0x0000000088900000, 0x00000000d5580000)
  object space 140288K, 44% used [0x0000000080000000,0x0000000083c6a670,0x0000000088900000)
 Metaspace       used 92554K, capacity 97874K, committed 98136K, reserved 1134592K
  class space    used 12241K, capacity 13175K, committed 13184K, reserved 1048576K
Event: 961.963 GC heap after
Heap after GC invocations=18 (full 4):
 PSYoungGen      total 650240K, used 14312K [0x00000000d5580000, 0x00000000ffa00000, 0x0000000100000000)
  eden space 614912K, 0% used [0x00000000d5580000,0x00000000d5580000,0x00000000fae00000)
  from space 35328K, 40% used [0x00000000fd780000,0x00000000fe57a370,0x00000000ffa00000)
  to   space 38912K, 0% used [0x00000000fae00000,0x00000000fae00000,0x00000000fd400000)
 ParOldGen       total 140288K, used 61873K [0x0000000080000000, 0x0000000088900000, 0x00000000d5580000)
  object space 140288K, 44% used [0x0000000080000000,0x0000000083c6c670,0x0000000088900000)
 Metaspace       used 92554K, capacity 97874K, committed 98136K, reserved 1134592K
  class space    used 12241K, capacity 13175K, committed 13184K, reserved 1048576K
}
Event: 1464.907 GC heap before
{Heap before GC invocations=19 (full 4):
 PSYoungGen      total 650240K, used 629224K [0x00000000d5580000, 0x00000000ffa00000, 0x0000000100000000)
  eden space 614912K, 100% used [0x00000000d5580000,0x00000000fae00000,0x00000000fae00000)
  from space 35328K, 40% used [0x00000000fd780000,0x00000000fe57a370,0x00000000ffa00000)
  to   space 38912K, 0% used [0x00000000fae00000,0x00000000fae00000,0x00000000fd400000)
 ParOldGen       total 140288K, used 61873K [0x0000000080000000, 0x0000000088900000, 0x00000000d5580000)
  object space 140288K, 44% used [0x0000000080000000,0x0000000083c6c670,0x0000000088900000)
 Metaspace       used 97053K, capacity 103596K, committed 103768K, reserved 1138688K
  class space    used 12810K, capacity 13940K, committed 13952K, reserved 1048576K
Event: 1464.940 GC heap after
Heap after GC invocations=19 (full 4):
 PSYoungGen      total 653824K, used 11552K [0x00000000d5580000, 0x0000000100000000, 0x0000000100000000)
  eden space 614912K, 0% used [0x00000000d5580000,0x00000000d5580000,0x00000000fae00000)
  from space 38912K, 29% used [0x00000000fae00000,0x00000000fb9481f0,0x00000000fd400000)
  to   space 37376K, 0% used [0x00000000fdb80000,0x00000000fdb80000,0x0000000100000000)
 ParOldGen       total 140288K, used 66941K [0x0000000080000000, 0x0000000088900000, 0x00000000d5580000)
  object space 140288K, 47% used [0x0000000080000000,0x000000008415f5d0,0x0000000088900000)
 Metaspace       used 97053K, capacity 103596K, committed 103768K, reserved 1138688K
  class space    used 12810K, capacity 13940K, committed 13952K, reserved 1048576K
}
Event: 1867.130 GC heap before
{Heap before GC invocations=20 (full 4):
 PSYoungGen      total 653824K, used 626464K [0x00000000d5580000, 0x0000000100000000, 0x0000000100000000)
  eden space 614912K, 100% used [0x00000000d5580000,0x00000000fae00000,0x00000000fae00000)
  from space 38912K, 29% used [0x00000000fae00000,0x00000000fb9481f0,0x00000000fd400000)
  to   space 37376K, 0% used [0x00000000fdb80000,0x00000000fdb80000,0x0000000100000000)
 ParOldGen       total 140288K, used 66941K [0x0000000080000000, 0x0000000088900000, 0x00000000d5580000)
  object space 140288K, 47% used [0x0000000080000000,0x000000008415f5d0,0x0000000088900000)
 Metaspace       used 105574K, capacity 112248K, committed 112472K, reserved 1146880K
  class space    used 13758K, capacity 14900K, committed 14976K, reserved 1048576K
Event: 1867.171 GC heap after
Heap after GC invocations=20 (full 4):
 PSYoungGen      total 659456K, used 22626K [0x00000000d5580000, 0x00000000fff80000, 0x0000000100000000)
  eden space 622592K, 0% used [0x00000000d5580000,0x00000000d5580000,0x00000000fb580000)
  from space 36864K, 61% used [0x00000000fdb80000,0x00000000ff198b48,0x00000000fff80000)
  to   space 37888K, 0% used [0x00000000fb580000,0x00000000fb580000,0x00000000fda80000)
 ParOldGen       total 140288K, used 68375K [0x0000000080000000, 0x0000000088900000, 0x00000000d5580000)
  object space 140288K, 48% used [0x0000000080000000,0x00000000842c5c70,0x0000000088900000)
 Metaspace       used 105574K, capacity 112248K, committed 112472K, reserved 1146880K
  class space    used 13758K, capacity 14900K, committed 14976K, reserved 1048576K
}
Event: 3080.145 GC heap before
{Heap before GC invocations=21 (full 4):
 PSYoungGen      total 659456K, used 645218K [0x00000000d5580000, 0x00000000fff80000, 0x0000000100000000)
  eden space 622592K, 100% used [0x00000000d5580000,0x00000000fb580000,0x00000000fb580000)
  from space 36864K, 61% used [0x00000000fdb80000,0x00000000ff198b48,0x00000000fff80000)
  to   space 37888K, 0% used [0x00000000fb580000,0x00000000fb580000,0x00000000fda80000)
 ParOldGen       total 140288K, used 68375K [0x0000000080000000, 0x0000000088900000, 0x00000000d5580000)
  object space 140288K, 48% used [0x0000000080000000,0x00000000842c5c70,0x0000000088900000)
 Metaspace       used 106364K, capacity 113208K, committed 113240K, reserved 1146880K
  class space    used 13779K, capacity 14944K, committed 14976K, reserved 1048576K
Event: 3080.211 GC heap after
Heap after GC invocations=21 (full 4):
 PSYoungGen      total 650240K, used 27427K [0x00000000d5580000, 0x0000000100000000, 0x0000000100000000)
  eden space 622592K, 0% used [0x00000000d5580000,0x00000000d5580000,0x00000000fb580000)
  from space 27648K, 99% used [0x00000000fb580000,0x00000000fd048eb0,0x00000000fd080000)
  to   space 39936K, 0% used [0x00000000fd900000,0x00000000fd900000,0x0000000100000000)
 ParOldGen       total 140288K, used 68383K [0x0000000080000000, 0x0000000088900000, 0x00000000d5580000)
  object space 140288K, 48% used [0x0000000080000000,0x00000000842c7c70,0x0000000088900000)
 Metaspace       used 106364K, capacity 113208K, committed 113240K, reserved 1146880K
  class space    used 13779K, capacity 14944K, committed 14976K, reserved 1048576K
}
Event: 3633.059 GC heap before
{Heap before GC invocations=22 (full 4):
 PSYoungGen      total 650240K, used 650019K [0x00000000d5580000, 0x0000000100000000, 0x0000000100000000)
  eden space 622592K, 100% used [0x00000000d5580000,0x00000000fb580000,0x00000000fb580000)
  from space 27648K, 99% used [0x00000000fb580000,0x00000000fd048eb0,0x00000000fd080000)
  to   space 39936K, 0% used [0x00000000fd900000,0x00000000fd900000,0x0000000100000000)
 ParOldGen       total 140288K, used 68383K [0x0000000080000000, 0x0000000088900000, 0x00000000d5580000)
  object space 140288K, 48% used [0x0000000080000000,0x00000000842c7c70,0x0000000088900000)
 Metaspace       used 109482K, capacity 118092K, committed 118360K, reserved 1153024K
  class space    used 14232K, capacity 15650K, committed 15744K, reserved 1048576K
Event: 3633.113 GC heap after
Heap after GC invocations=22 (full 4):
 PSYoungGen      total 660480K, used 13003K [0x00000000d5580000, 0x0000000100000000, 0x0000000100000000)
  eden space 620544K, 0% used [0x00000000d5580000,0x00000000d5580000,0x00000000fb380000)
  from space 39936K, 32% used [0x00000000fd900000,0x00000000fe5b2d48,0x0000000100000000)
  to   space 38400K, 0% used [0x00000000fb380000,0x00000000fb380000,0x00000000fd900000)
 ParOldGen       total 140288K, used 68391K [0x0000000080000000, 0x0000000088900000, 0x00000000d5580000)
  object space 140288K, 48% used [0x0000000080000000,0x00000000842c9c70,0x0000000088900000)
 Metaspace       used 109482K, capacity 118092K, committed 118360K, reserved 1153024K
  class space    used 14232K, capacity 15650K, committed 15744K, reserved 1048576K
}

